Determining if the CL_VERSION_2_0 exist failed with the following output:
Change Dir: /home/eugene/project/b-dnn/build/CMakeFiles/CMakeTmp

Run Build Command:"/usr/bin/make" "cmTC_9f66d/fast"
/usr/bin/make -f CMakeFiles/cmTC_9f66d.dir/build.make CMakeFiles/cmTC_9f66d.dir/build
make[1]: Entering directory '/home/eugene/project/b-dnn/build/CMakeFiles/CMakeTmp'
Building C object CMakeFiles/cmTC_9f66d.dir/CheckSymbolExists.c.o
/usr/bin/cc     -o CMakeFiles/cmTC_9f66d.dir/CheckSymbolExists.c.o   -c /home/eugene/project/b-dnn/build/CMakeFiles/CMakeTmp/CheckSymbolExists.c
/home/eugene/project/b-dnn/build/CMakeFiles/CMakeTmp/CheckSymbolExists.c:2:47: fatal error: OpenCL_INCLUDE_DIR-NOTFOUND/CL/cl.h: No such file or directory
compilation terminated.
CMakeFiles/cmTC_9f66d.dir/build.make:65: recipe for target 'CMakeFiles/cmTC_9f66d.dir/CheckSymbolExists.c.o' failed
make[1]: *** [CMakeFiles/cmTC_9f66d.dir/CheckSymbolExists.c.o] Error 1
make[1]: Leaving directory '/home/eugene/project/b-dnn/build/CMakeFiles/CMakeTmp'
Makefile:126: recipe for target 'cmTC_9f66d/fast' failed
make: *** [cmTC_9f66d/fast] Error 2

File /home/eugene/project/b-dnn/build/CMakeFiles/CMakeTmp/CheckSymbolExists.c:
/* */
#include <OpenCL_INCLUDE_DIR-NOTFOUND/CL/cl.h>

int main(int argc, char** argv)
{
  (void)argv;
#ifndef CL_VERSION_2_0
  return ((int*)(&CL_VERSION_2_0))[argc];
#else
  (void)argc;
  return 0;
#endif
}

Determining if the CL_VERSION_1_2 exist failed with the following output:
Change Dir: /home/eugene/project/b-dnn/build/CMakeFiles/CMakeTmp

Run Build Command:"/usr/bin/make" "cmTC_95546/fast"
/usr/bin/make -f CMakeFiles/cmTC_95546.dir/build.make CMakeFiles/cmTC_95546.dir/build
make[1]: Entering directory '/home/eugene/project/b-dnn/build/CMakeFiles/CMakeTmp'
Building C object CMakeFiles/cmTC_95546.dir/CheckSymbolExists.c.o
/usr/bin/cc     -o CMakeFiles/cmTC_95546.dir/CheckSymbolExists.c.o   -c /home/eugene/project/b-dnn/build/CMakeFiles/CMakeTmp/CheckSymbolExists.c
/home/eugene/project/b-dnn/build/CMakeFiles/CMakeTmp/CheckSymbolExists.c:2:47: fatal error: OpenCL_INCLUDE_DIR-NOTFOUND/CL/cl.h: No such file or directory
compilation terminated.
CMakeFiles/cmTC_95546.dir/build.make:65: recipe for target 'CMakeFiles/cmTC_95546.dir/CheckSymbolExists.c.o' failed
make[1]: *** [CMakeFiles/cmTC_95546.dir/CheckSymbolExists.c.o] Error 1
make[1]: Leaving directory '/home/eugene/project/b-dnn/build/CMakeFiles/CMakeTmp'
Makefile:126: recipe for target 'cmTC_95546/fast' failed
make: *** [cmTC_95546/fast] Error 2

File /home/eugene/project/b-dnn/build/CMakeFiles/CMakeTmp/CheckSymbolExists.c:
/* */
#include <OpenCL_INCLUDE_DIR-NOTFOUND/CL/cl.h>

int main(int argc, char** argv)
{
  (void)argv;
#ifndef CL_VERSION_1_2
  return ((int*)(&CL_VERSION_1_2))[argc];
#else
  (void)argc;
  return 0;
#endif
}

Determining if the CL_VERSION_1_1 exist failed with the following output:
Change Dir: /home/eugene/project/b-dnn/build/CMakeFiles/CMakeTmp

Run Build Command:"/usr/bin/make" "cmTC_d720b/fast"
/usr/bin/make -f CMakeFiles/cmTC_d720b.dir/build.make CMakeFiles/cmTC_d720b.dir/build
make[1]: Entering directory '/home/eugene/project/b-dnn/build/CMakeFiles/CMakeTmp'
Building C object CMakeFiles/cmTC_d720b.dir/CheckSymbolExists.c.o
/usr/bin/cc     -o CMakeFiles/cmTC_d720b.dir/CheckSymbolExists.c.o   -c /home/eugene/project/b-dnn/build/CMakeFiles/CMakeTmp/CheckSymbolExists.c
/home/eugene/project/b-dnn/build/CMakeFiles/CMakeTmp/CheckSymbolExists.c:2:47: fatal error: OpenCL_INCLUDE_DIR-NOTFOUND/CL/cl.h: No such file or directory
compilation terminated.
CMakeFiles/cmTC_d720b.dir/build.make:65: recipe for target 'CMakeFiles/cmTC_d720b.dir/CheckSymbolExists.c.o' failed
make[1]: *** [CMakeFiles/cmTC_d720b.dir/CheckSymbolExists.c.o] Error 1
make[1]: Leaving directory '/home/eugene/project/b-dnn/build/CMakeFiles/CMakeTmp'
Makefile:126: recipe for target 'cmTC_d720b/fast' failed
make: *** [cmTC_d720b/fast] Error 2

File /home/eugene/project/b-dnn/build/CMakeFiles/CMakeTmp/CheckSymbolExists.c:
/* */
#include <OpenCL_INCLUDE_DIR-NOTFOUND/CL/cl.h>

int main(int argc, char** argv)
{
  (void)argv;
#ifndef CL_VERSION_1_1
  return ((int*)(&CL_VERSION_1_1))[argc];
#else
  (void)argc;
  return 0;
#endif
}

Determining if the CL_VERSION_1_0 exist failed with the following output:
Change Dir: /home/eugene/project/b-dnn/build/CMakeFiles/CMakeTmp

Run Build Command:"/usr/bin/make" "cmTC_ce2fd/fast"
/usr/bin/make -f CMakeFiles/cmTC_ce2fd.dir/build.make CMakeFiles/cmTC_ce2fd.dir/build
make[1]: Entering directory '/home/eugene/project/b-dnn/build/CMakeFiles/CMakeTmp'
Building C object CMakeFiles/cmTC_ce2fd.dir/CheckSymbolExists.c.o
/usr/bin/cc     -o CMakeFiles/cmTC_ce2fd.dir/CheckSymbolExists.c.o   -c /home/eugene/project/b-dnn/build/CMakeFiles/CMakeTmp/CheckSymbolExists.c
/home/eugene/project/b-dnn/build/CMakeFiles/CMakeTmp/CheckSymbolExists.c:2:47: fatal error: OpenCL_INCLUDE_DIR-NOTFOUND/CL/cl.h: No such file or directory
compilation terminated.
CMakeFiles/cmTC_ce2fd.dir/build.make:65: recipe for target 'CMakeFiles/cmTC_ce2fd.dir/CheckSymbolExists.c.o' failed
make[1]: *** [CMakeFiles/cmTC_ce2fd.dir/CheckSymbolExists.c.o] Error 1
make[1]: Leaving directory '/home/eugene/project/b-dnn/build/CMakeFiles/CMakeTmp'
Makefile:126: recipe for target 'cmTC_ce2fd/fast' failed
make: *** [cmTC_ce2fd/fast] Error 2

File /home/eugene/project/b-dnn/build/CMakeFiles/CMakeTmp/CheckSymbolExists.c:
/* */
#include <OpenCL_INCLUDE_DIR-NOTFOUND/CL/cl.h>

int main(int argc, char** argv)
{
  (void)argv;
#ifndef CL_VERSION_1_0
  return ((int*)(&CL_VERSION_1_0))[argc];
#else
  (void)argc;
  return 0;
#endif
}

